==============================================================================

                  ------ MOMENTUM STATISTICS (MW mode) ------

              Momentum MomEngine_64 13.00.433 (*) built: Oct 24 2018
                           Mon Dec  9 15:31:03 2019

==============================================================================


------------------------------------------------------------------------------
MESH
------------------------------------------------------------------------------
 Frequency          : 16 GHz

 Rectangular cells  : 1715
 Quadrangular cells : 48
 Triangular cells   : 4
 Via cells          : 0

 Edge currents      : 3403

------------------------------------------------------------------------------
SOLVER                        USER TIME      ELAPSED TIME      MEMORY         
PROCESSES                      (h:m:s)          (h:m:s)         (MB)          
------------------------------------------------------------------------------

SIMULATION SET-UP
-----------------
 Initialization           |     0: 0: 0   |     0: 0: 0   |     26.68   
 Ports analysis           |     0: 0: 0   |     0: 0: 0   |      0.06   
 Mesh processing          |     0: 0: 0   |     0: 0: 0   |     15.07   

 Matrix size : 3403
 Reduced matrix size : 3303
 Estimated process size is below 256.00 MB

 Simulation temperature : 298.15 K

1. SIMULATION FREQUENCY = 0 Hz 
-------------------------
 Green functions          |     0: 0: 0   |     0: 0: 0   |      0.53   
 Basis creation           |     0: 0: 2   |     0: 0: 1   |     51.95   
 Matrix load              |     0: 0: 7   |     0: 0: 4   |    200.55   
 Matrix solve             |     0: 0: 5   |     0: 0: 1   |      0.00   
 S parameters             |     0: 0: 0   |     0: 0: 0   |      0.00   

2. SIMULATION FREQUENCY = 16 GHz 
-------------------------
 Green functions          |     0: 0: 0   |     0: 0: 0   |      0.00   
 Matrix load              |     0: 0: 6   |     0: 0: 3   |      0.00   
 Matrix solve             |     0: 0: 5   |     0: 0: 2   |      0.00   
 S parameters             |     0: 0: 0   |     0: 0: 0   |      0.00   
 Adaptive sampling        |     0: 0: 0   |     0: 0: 0   |      0.00   

3. SIMULATION FREQUENCY = 13.7143 GHz 
-------------------------
 Green functions          |     0: 0: 0   |     0: 0: 0   |      0.00   
 Matrix load              |     0: 0: 6   |     0: 0: 3   |      0.00   
 Matrix solve             |     0: 0: 6   |     0: 0: 1   |      0.00   
 S parameters             |     0: 0: 0   |     0: 0: 0   |      0.00   
 Adaptive sampling        |     0: 0: 0   |     0: 0: 0   |      0.00   

4. SIMULATION FREQUENCY = 11.4286 GHz 
-------------------------
 Green functions          |     0: 0: 0   |     0: 0: 0   |      0.00   
 Matrix load              |     0: 0: 6   |     0: 0: 4   |      0.00   
 Matrix solve             |     0: 0: 5   |     0: 0: 1   |      0.00   
 S parameters             |     0: 0: 0   |     0: 0: 0   |      0.00   
 Adaptive sampling        |     0: 0: 0   |     0: 0: 0   |      0.00   

5. SIMULATION FREQUENCY = 9.14286 GHz 
-------------------------
 Green functions          |     0: 0: 0   |     0: 0: 0   |      0.00   
 Matrix load              |     0: 0: 7   |     0: 0: 4   |      0.00   
 Matrix solve             |     0: 0: 5   |     0: 0: 1   |      0.00   
 S parameters             |     0: 0: 0   |     0: 0: 0   |      0.00   
 Adaptive sampling        |     0: 0: 0   |     0: 0: 0   |      0.00   

6. SIMULATION FREQUENCY = 6.85714 GHz 
-------------------------
 Green functions          |     0: 0: 0   |     0: 0: 0   |      0.00   
 Matrix load              |     0: 0: 6   |     0: 0: 3   |      0.00   
 Matrix solve             |     0: 0: 6   |     0: 0: 2   |      0.00   
 S parameters             |     0: 0: 0   |     0: 0: 0   |      0.00   
 Adaptive sampling        |     0: 0: 0   |     0: 0: 0   |      0.00   

7. SIMULATION FREQUENCY = 4.57143 GHz 
-------------------------
 Green functions          |     0: 0: 0   |     0: 0: 0   |      0.00   
 Matrix load              |     0: 0: 6   |     0: 0: 3   |      0.00   
 Matrix solve             |     0: 0: 6   |     0: 0: 2   |      0.00   
 S parameters             |     0: 0: 0   |     0: 0: 0   |      0.00   
 Adaptive sampling        |     0: 0: 0   |     0: 0: 0   |      0.00   

8. SIMULATION FREQUENCY = 2.28571 GHz 
-------------------------
 Green functions          |     0: 0: 0   |     0: 0: 0   |      0.00   
 Matrix load              |     0: 0: 6   |     0: 0: 3   |      0.00   
 Matrix solve             |     0: 0: 6   |     0: 0: 1   |      0.00   
 S parameters             |     0: 0: 0   |     0: 0: 0   |      0.00   
 Adaptive sampling        |     0: 0: 0   |     0: 0: 0   |      0.00   

9. SIMULATION FREQUENCY = 10.6667 GHz 
-------------------------
 Green functions          |     0: 0: 0   |     0: 0: 0   |      0.00   
 Matrix load              |     0: 0: 6   |     0: 0: 4   |      0.00   
 Matrix solve             |     0: 0: 5   |     0: 0: 1   |      0.00   
 S parameters             |     0: 0: 0   |     0: 0: 0   |      0.00   
 Adaptive sampling        |     0: 0: 0   |     0: 0: 0   |      0.00   

10. SIMULATION FREQUENCY = 12.1905 GHz 
-------------------------
 Green functions          |     0: 0: 0   |     0: 0: 0   |      0.00   
 Matrix load              |     0: 0: 6   |     0: 0: 4   |      0.00   
 Matrix solve             |     0: 0: 6   |     0: 0: 1   |      0.00   
 S parameters             |     0: 0: 0   |     0: 0: 0   |      0.00   
 Adaptive sampling        |     0: 0: 0   |     0: 0: 0   |      0.00   

11. SIMULATION FREQUENCY = 761.905 MHz 
-------------------------
 Green functions          |     0: 0: 0   |     0: 0: 0   |      0.00   
 Matrix load              |     0: 0: 6   |     0: 0: 3   |      0.00   
 Matrix solve             |     0: 0: 6   |     0: 0: 2   |      0.00   
 S parameters             |     0: 0: 0   |     0: 0: 0   |      0.00   
 Adaptive sampling        |     0: 0: 0   |     0: 0: 0   |      0.00   

12. SIMULATION FREQUENCY = 380.952 MHz 
-------------------------
 Green functions          |     0: 0: 0   |     0: 0: 0   |      0.00   
 Matrix load              |     0: 0: 5   |     0: 0: 3   |      0.00   
 Matrix solve             |     0: 0: 6   |     0: 0: 1   |      0.00   
 S parameters             |     0: 0: 0   |     0: 0: 0   |      0.00   
 Adaptive sampling        |     0: 0: 0   |     0: 0: 0   |      0.00   

13. SIMULATION FREQUENCY = 1.26984 GHz 
-------------------------
 Green functions          |     0: 0: 0   |     0: 0: 0   |      0.00   
 Matrix load              |     0: 0: 6   |     0: 0: 4   |      0.00   
 Matrix solve             |     0: 0: 5   |     0: 0: 1   |      0.00   
 S parameters             |     0: 0: 0   |     0: 0: 0   |      0.00   
 Adaptive sampling        |     0: 0: 1   |     0: 0: 0   |      0.00   

14. SIMULATION FREQUENCY = 1.94709 GHz 
-------------------------
 Green functions          |     0: 0: 0   |     0: 0: 0   |      0.00   
 Matrix load              |     0: 0: 6   |     0: 0: 3   |      0.00   
 Matrix solve             |     0: 0: 5   |     0: 0: 1   |      0.00   
 S parameters             |     0: 0: 0   |     0: 0: 0   |      0.00   
 Adaptive sampling        |     0: 0: 0   |     0: 0: 1   |      0.00   

15. SIMULATION FREQUENCY = 3.04762 GHz 
-------------------------
 Green functions          |     0: 0: 0   |     0: 0: 0   |      0.00   
 Matrix load              |     0: 0: 6   |     0: 0: 3   |      0.00   
 Matrix solve             |     0: 0: 5   |     0: 0: 1   |      0.00   
 S parameters             |     0: 0: 0   |     0: 0: 0   |      0.00   
 Adaptive sampling        |     0: 0: 0   |     0: 0: 0   |      0.00   

16. SIMULATION FREQUENCY = 3.80952 GHz 
-------------------------
 Green functions          |     0: 0: 0   |     0: 0: 0   |      0.00   
 Matrix load              |     0: 0: 6   |     0: 0: 3   |      0.00   
 Matrix solve             |     0: 0: 5   |     0: 0: 1   |      0.00   
 S parameters             |     0: 0: 0   |     0: 0: 0   |      0.00   
 Adaptive sampling        |     0: 0: 0   |     0: 0: 0   |      0.00   

17. SIMULATION FREQUENCY = 8 GHz 
-------------------------
 Green functions          |     0: 0: 0   |     0: 0: 0   |      0.00   
 Matrix load              |     0: 0: 6   |     0: 0: 4   |      0.00   
 Matrix solve             |     0: 0: 5   |     0: 0: 1   |      0.00   
 S parameters             |     0: 0: 0   |     0: 0: 0   |      0.00   
 Adaptive sampling        |     0: 0: 0   |     0: 0: 0   |      0.00   

18. SIMULATION FREQUENCY = 8.95238 GHz 
-------------------------
 Green functions          |     0: 0: 0   |     0: 0: 0   |      0.00   
 Matrix load              |     0: 0: 7   |     0: 0: 3   |      0.00   
 Matrix solve             |     0: 0: 5   |     0: 0: 2   |      0.00   
 S parameters             |     0: 0: 0   |     0: 0: 0   |      0.00   
 Adaptive sampling        |     0: 0: 0   |     0: 0: 0   |      0.00   

19. SIMULATION FREQUENCY = 5.71429 GHz 
-------------------------
 Green functions          |     0: 0: 0   |     0: 0: 0   |      0.00   
 Matrix load              |     0: 0: 6   |     0: 0: 3   |      0.00   
 Matrix solve             |     0: 0: 6   |     0: 0: 1   |      0.00   
 S parameters             |     0: 0: 0   |     0: 0: 0   |      0.00   
 Adaptive sampling        |     0: 0: 0   |     0: 0: 0   |      0.00   

20. SIMULATION FREQUENCY = 6.28571 GHz 
-------------------------
 Green functions          |     0: 0: 0   |     0: 0: 0   |      0.00   
 Matrix load              |     0: 0: 6   |     0: 0: 4   |      0.00   
 Matrix solve             |     0: 0: 6   |     0: 0: 1   |      0.00   
 S parameters             |     0: 0: 0   |     0: 0: 0   |      0.00   
 Adaptive sampling        |     0: 0: 0   |     0: 0: 0   |      0.00   

21. SIMULATION FREQUENCY = 4.06349 GHz 
-------------------------
 Green functions          |     0: 0: 0   |     0: 0: 0   |      0.00   
 Matrix load              |     0: 0: 6   |     0: 0: 4   |      0.00   
 Matrix solve             |     0: 0: 5   |     0: 0: 1   |      0.00   
 S parameters             |     0: 0: 0   |     0: 0: 0   |      0.00   
 Adaptive sampling        |     0: 0: 1   |     0: 0: 0   |      0.00   

22. SIMULATION FREQUENCY = 4.31746 GHz 
-------------------------
 Green functions          |     0: 0: 0   |     0: 0: 0   |      0.00   
 Matrix load              |     0: 0: 6   |     0: 0: 3   |      0.00   
 Matrix solve             |     0: 0: 6   |     0: 0: 2   |      0.00   
 S parameters             |     0: 0: 0   |     0: 0: 0   |      0.00   
 Adaptive sampling        |     0: 0: 0   |     0: 0: 0   |      0.00   

23. SIMULATION FREQUENCY = 4.95238 GHz 
-------------------------
 Green functions          |     0: 0: 0   |     0: 0: 0   |      0.00   
 Matrix load              |     0: 0: 7   |     0: 0: 3   |      0.00   
 Matrix solve             |     0: 0: 5   |     0: 0: 2   |      0.00   
 S parameters             |     0: 0: 0   |     0: 0: 0   |      0.00   
 Adaptive sampling        |     0: 0: 0   |     0: 0: 0   |      0.00   

24. SIMULATION FREQUENCY = 14.8571 GHz 
-------------------------
 Green functions          |     0: 0: 0   |     0: 0: 0   |      0.00   
 Matrix load              |     0: 0: 7   |     0: 0: 3   |      0.00   
 Matrix solve             |     0: 0: 5   |     0: 0: 2   |      0.00   
 S parameters             |     0: 0: 0   |     0: 0: 0   |      0.00   
 Adaptive sampling        |     0: 0: 0   |     0: 0: 0   |      0.00   

25. SIMULATION FREQUENCY = 8.31746 GHz 
-------------------------
 Green functions          |     0: 0: 0   |     0: 0: 0   |      0.00   
 Matrix load              |     0: 0: 6   |     0: 0: 3   |      0.00   
 Matrix solve             |     0: 0: 6   |     0: 0: 1   |      0.00   
 S parameters             |     0: 0: 0   |     0: 0: 0   |      0.00   
 Adaptive sampling        |     0: 0: 0   |     0: 0: 0   |      0.00   

26. SIMULATION FREQUENCY = 12.9524 GHz 
-------------------------
 Green functions          |     0: 0: 0   |     0: 0: 0   |      0.00   
 Matrix load              |     0: 0: 6   |     0: 0: 3   |      0.00   
 Matrix solve             |     0: 0: 4   |     0: 0: 2   |      0.00   
 S parameters             |     0: 0: 0   |     0: 0: 0   |      0.00   
 Adaptive sampling        |     0: 0: 1   |     0: 0: 0   |      0.00   

27. SIMULATION FREQUENCY = 9.90476 GHz 
-------------------------
 Green functions          |     0: 0: 0   |     0: 0: 0   |      0.00   
 Matrix load              |     0: 0: 5   |     0: 0: 3   |      0.00   
 Matrix solve             |     0: 0: 5   |     0: 0: 1   |      0.00   
 S parameters             |     0: 0: 0   |     0: 0: 0   |      0.00   
 Adaptive sampling        |     0: 0: 0   |     0: 0: 0   |      0.00   

28. SIMULATION FREQUENCY = 7.61905 GHz 
-------------------------
 Green functions          |     0: 0: 0   |     0: 0: 0   |      0.00   
 Matrix load              |     0: 0: 6   |     0: 0: 3   |      0.00   
 Matrix solve             |     0: 0: 6   |     0: 0: 2   |      0.00   
 S parameters             |     0: 0: 0   |     0: 0: 0   |      0.00   
 Adaptive sampling        |     0: 0: 0   |     0: 0: 0   |      0.00   

29. SIMULATION FREQUENCY = 12.6984 GHz 
-------------------------
 Green functions          |     0: 0: 0   |     0: 0: 0   |      0.00   
 Matrix load              |     0: 0: 6   |     0: 0: 3   |      0.00   
 Matrix solve             |     0: 0: 5   |     0: 0: 1   |      0.00   
 S parameters             |     0: 0: 0   |     0: 0: 0   |      0.00   
 Adaptive sampling        |     0: 0: 0   |     0: 0: 0   |      0.00   

30. SIMULATION FREQUENCY = 5.20635 GHz 
-------------------------
 Green functions          |     0: 0: 0   |     0: 0: 0   |      0.00   
 Matrix load              |     0: 0: 6   |     0: 0: 3   |      0.00   
 Matrix solve             |     0: 0: 5   |     0: 0: 2   |      0.00   
 S parameters             |     0: 0: 0   |     0: 0: 0   |      0.00   
 Adaptive sampling        |     0: 0: 0   |     0: 0: 0   |      0.00   

31. SIMULATION FREQUENCY = 15.4286 GHz 
-------------------------
 Green functions          |     0: 0: 0   |     0: 0: 0   |      0.00   
 Matrix load              |     0: 0: 6   |     0: 0: 3   |      0.00   
 Matrix solve             |     0: 0: 5   |     0: 0: 1   |      0.00   
 S parameters             |     0: 0: 0   |     0: 0: 0   |      0.00   
 Adaptive sampling        |     0: 0: 0   |     0: 0: 0   |      0.00   

32. SIMULATION FREQUENCY = 13.2063 GHz 
-------------------------
 Green functions          |     0: 0: 0   |     0: 0: 0   |      0.00   
 Matrix load              |     0: 0: 6   |     0: 0: 3   |      0.00   
 Matrix solve             |     0: 0: 5   |     0: 0: 2   |      0.00   
 S parameters             |     0: 0: 0   |     0: 0: 0   |      0.00   
 Adaptive sampling        |     0: 0: 0   |     0: 0: 0   |      0.00   

33. SIMULATION FREQUENCY = 4.7619 GHz 
-------------------------
 Green functions          |     0: 0: 0   |     0: 0: 0   |      0.00   
 Matrix load              |     0: 0: 6   |     0: 0: 3   |      0.00   
 Matrix solve             |     0: 0: 5   |     0: 0: 1   |      0.00   
 S parameters             |     0: 0: 0   |     0: 0: 0   |      0.00   
 Adaptive sampling        |     0: 0: 0   |     0: 0: 0   |      0.00   

34. SIMULATION FREQUENCY = 126.984 MHz 
-------------------------
 Green functions          |     0: 0: 0   |     0: 0: 0   |      0.00   
 Matrix load              |     0: 0: 6   |     0: 0: 3   |      0.00   
 Matrix solve             |     0: 0: 5   |     0: 0: 2   |      0.00   
 S parameters             |     0: 0: 0   |     0: 0: 0   |      0.00   
 Adaptive sampling        |     0: 0: 0   |     0: 0: 0   |      0.00   

35. SIMULATION FREQUENCY = 21.164 MHz 
-------------------------
 Green functions          |     0: 0: 0   |     0: 0: 0   |      0.00   
 Matrix load              |     0: 0: 7   |     0: 0: 3   |      0.00   
 Matrix solve             |     0: 0: 6   |     0: 0: 2   |      0.00   
 S parameters             |     0: 0: 0   |     0: 0: 0   |      0.00   
 Adaptive sampling        |     0: 0: 0   |     0: 0: 0   |      0.00   

36. SIMULATION FREQUENCY = 3.97884 GHz 
-------------------------
 Green functions          |     0: 0: 0   |     0: 0: 0   |      0.00   
 Matrix load              |     0: 0: 7   |     0: 0: 3   |      0.00   
 Matrix solve             |     0: 0: 5   |     0: 0: 2   |      0.00   
 S parameters             |     0: 0: 0   |     0: 0: 0   |      0.00   
 Adaptive sampling        |     0: 0: 0   |     0: 0: 0   |      0.00   

37. SIMULATION FREQUENCY = 14.2857 GHz 
-------------------------
 Green functions          |     0: 0: 0   |     0: 0: 0   |      0.00   
 Matrix load              |     0: 0: 8   |     0: 0: 4   |      0.00   
 Matrix solve             |     0: 0: 5   |     0: 0: 1   |      0.00   
 S parameters             |     0: 0: 0   |     0: 0: 0   |      0.00   
 Adaptive sampling        |     0: 0: 0   |     0: 0: 1   |      0.00   

38. SIMULATION FREQUENCY = 7.2381 GHz 
-------------------------
 Green functions          |     0: 0: 0   |     0: 0: 0   |      0.00   
 Matrix load              |     0: 0: 7   |     0: 0: 3   |      0.00   
 Matrix solve             |     0: 0: 6   |     0: 0: 2   |      0.00   
 S parameters             |     0: 0: 0   |     0: 0: 0   |      0.00   
 Adaptive sampling        |     0: 0: 0   |     0: 0: 0   |      0.00   

39. SIMULATION FREQUENCY = 2.66667 GHz 
-------------------------
 Green functions          |     0: 0: 0   |     0: 0: 0   |      0.00   
 Matrix load              |     0: 0: 6   |     0: 0: 3   |      0.00   
 Matrix solve             |     0: 0: 5   |     0: 0: 1   |      0.00   
 S parameters             |     0: 0: 0   |     0: 0: 0   |      0.00   
 Adaptive sampling        |     0: 0: 0   |     0: 0: 0   |      0.00   

40. SIMULATION FREQUENCY = 9.52381 GHz 
-------------------------
 Green functions          |     0: 0: 0   |     0: 0: 0   |      0.00   
 Matrix load              |     0: 0: 5   |     0: 0: 3   |      0.00   
 Matrix solve             |     0: 0: 5   |     0: 0: 2   |      0.00   
 S parameters             |     0: 0: 0   |     0: 0: 0   |      0.00   
 Adaptive sampling        |     0: 0: 0   |     0: 0: 0   |      0.00   

41. SIMULATION FREQUENCY = 9.39683 GHz 
-------------------------
 Green functions          |     0: 0: 0   |     0: 0: 0   |      0.00   
 Matrix load              |     0: 0: 7   |     0: 0: 3   |      0.00   
 Matrix solve             |     0: 0: 4   |     0: 0: 1   |      0.00   
 S parameters             |     0: 0: 0   |     0: 0: 0   |      0.00   
 Adaptive sampling        |     0: 0: 1   |     0: 0: 0   |      0.00   

42. SIMULATION FREQUENCY = 15.8095 GHz 
-------------------------
 Green functions          |     0: 0: 0   |     0: 0: 0   |      0.00   
 Matrix load              |     0: 0: 5   |     0: 0: 3   |      0.00   
 Matrix solve             |     0: 0: 5   |     0: 0: 1   |      0.00   
 S parameters             |     0: 0: 0   |     0: 0: 0   |      0.00   
 Adaptive sampling        |     0: 0: 0   |     0: 0: 1   |      0.00   

43. SIMULATION FREQUENCY = 13.8095 GHz 
-------------------------
 Green functions          |     0: 0: 0   |     0: 0: 0   |      0.00   
 Matrix load              |     0: 0: 7   |     0: 0: 3   |      0.00   
 Matrix solve             |     0: 0: 5   |     0: 0: 1   |      0.00   
 S parameters             |     0: 0: 0   |     0: 0: 0   |      0.00   
 Adaptive sampling        |     0: 0: 0   |     0: 0: 0   |      0.00   

44. SIMULATION FREQUENCY = 10.2857 GHz 
-------------------------
 Green functions          |     0: 0: 0   |     0: 0: 0   |      0.00   
 Matrix load              |     0: 0: 6   |     0: 0: 3   |      0.00   
 Matrix solve             |     0: 0: 6   |     0: 0: 2   |      0.00   
 S parameters             |     0: 0: 0   |     0: 0: 0   |      0.00   
 Adaptive sampling        |     0: 0: 0   |     0: 0: 0   |      0.00   

45. SIMULATION FREQUENCY = 6 GHz 
-------------------------
 Green functions          |     0: 0: 0   |     0: 0: 0   |      0.00   
 Matrix load              |     0: 0: 6   |     0: 0: 3   |      0.00   
 Matrix solve             |     0: 0: 5   |     0: 0: 1   |      0.00   
 S parameters             |     0: 0: 0   |     0: 0: 0   |      0.00   
 Adaptive sampling        |     0: 0: 0   |     0: 0: 0   |      0.00   

46. SIMULATION FREQUENCY = 7.36508 GHz 
-------------------------
 Green functions          |     0: 0: 0   |     0: 0: 0   |      0.00   
 Matrix load              |     0: 0: 6   |     0: 0: 4   |      0.00   
 Matrix solve             |     0: 0: 5   |     0: 0: 1   |      0.00   
 S parameters             |     0: 0: 0   |     0: 0: 0   |      0.00   
 Adaptive sampling        |     0: 0: 0   |     0: 0: 0   |      0.00   

47. SIMULATION FREQUENCY = 6.47619 GHz 
-------------------------
 Green functions          |     0: 0: 0   |     0: 0: 0   |      0.00   
 Matrix load              |     0: 0: 6   |     0: 0: 3   |      0.00   
 Matrix solve             |     0: 0: 5   |     0: 0: 2   |      0.00   
 S parameters             |     0: 0: 0   |     0: 0: 0   |      0.00   
 Adaptive sampling        |     0: 0: 0   |     0: 0: 0   |      0.00   

48. SIMULATION FREQUENCY = 10.9206 GHz 
-------------------------
 Green functions          |     0: 0: 0   |     0: 0: 0   |      0.00   
 Matrix load              |     0: 0: 7   |     0: 0: 3   |      0.00   
 Matrix solve             |     0: 0: 5   |     0: 0: 2   |      0.00   
 S parameters             |     0: 0: 0   |     0: 0: 0   |      0.00   
 Adaptive sampling        |     0: 0: 0   |     0: 0: 0   |      0.00   

49. SIMULATION FREQUENCY = 10.7513 GHz 
-------------------------
 Green functions          |     0: 0: 0   |     0: 0: 0   |      0.00   
 Matrix load              |     0: 0: 6   |     0: 0: 3   |      0.00   
 Matrix solve             |     0: 0: 5   |     0: 0: 1   |      0.00   
 S parameters             |     0: 0: 0   |     0: 0: 0   |      0.00   
 Adaptive sampling        |     0: 0: 0   |     0: 0: 0   |      0.00   

50. SIMULATION FREQUENCY = 11.8095 GHz 
-------------------------
 Green functions          |     0: 0: 0   |     0: 0: 0   |      0.00   
 Matrix load              |     0: 0: 7   |     0: 0: 3   |      0.00   
 Matrix solve             |     0: 0: 5   |     0: 0: 2   |      0.00   
 S parameters             |     0: 0: 0   |     0: 0: 0   |      0.00   
 Adaptive sampling        |     0: 0: 0   |     0: 0: 0   |      0.00   

51. SIMULATION FREQUENCY = 13.4603 GHz 
-------------------------
 Green functions          |     0: 0: 0   |     0: 0: 0   |      0.00   
 Matrix load              |     0: 0: 7   |     0: 0: 3   |      0.00   
 Matrix solve             |     0: 0: 6   |     0: 0: 2   |      0.00   
 S parameters             |     0: 0: 0   |     0: 0: 0   |      0.00   
 Adaptive sampling        |     0: 0: 0   |     0: 0: 0   |      0.00   

------------------------------------------------------------------------------
TOTALS
------------------------------------------------------------------------------
 Nr of Frequencies   : 51 

 Physical memory :   294.84 MB
 Virtual memory  :   305.87 MB
 Page faults     :      413839
 User Time       :    0h 9m52s
 Elapsed Time    :    0h 4m 1s

==============================================================================

