License checkout took 0.039 sec
License checkout took 0.022 sec
Momentum MomEngine_64 2021.10.414 (*) built: Oct 15 2020
Copyright  1992 - 2020 Keysight Technologies
Simulation started on: Tue Dec  8 09:18:20 2020
Simulation Mode: uW
Substrate valid
Automatically determined a snap distance of
0.0021 mil for layout healing.
Layout simplification started
.........|.........|.........|.........| 
Layout simplification finished
Generating mesh at 7 GHz...
S-parameter simulation
S-parameter simulation started
...initializing
...extracting layout
...analyzing ports
...reducing mesh
Automatic selection: direct dense matrix solver
Using multi-threading (12 threads)
Matrix size: 503 (reduced: 448)
Simulation temperature: 298.15 K
Frequency sweep started
Simulation frequency [1] = 5 GHz
...loading Green functions
...creating Basis sections
...allocating interaction matrix
...loading interaction matrix
.........|.........|.........|.........| 
...solving interaction matrix
.........|.........|.........|.........| 
...calculating S-parameters
Simulation frequency [2] = 5.04 GHz
...loading Green functions
...loading interaction matrix
.........|.........|.........|.........| 
...solving interaction matrix
.........|.........|.........|.........| 
...calculating S-parameters
Simulation frequency [3] = 5.08 GHz
...loading Green functions
...loading interaction matrix
.........|.........|.........|.........| 
...solving interaction matrix
.........|.........|.........|.........| 
...calculating S-parameters
Simulation frequency [4] = 5.12 GHz
...loading Green functions
...loading interaction matrix
.........|.........|.........|.........| 
...solving interaction matrix
.........|.........|.........|.........| 
...calculating S-parameters
Simulation frequency [5] = 5.16 GHz
...loading Green functions
...loading interaction matrix
.........|.........|.........|.........| 
...solving interaction matrix
.........|.........|.........|.........| 
...calculating S-parameters
Simulation frequency [6] = 5.2 GHz
...loading Green functions
...loading interaction matrix
.........|.........|.........|.........| 
...solving interaction matrix
.........|.........|.........|.........| 
...calculating S-parameters
Simulation frequency [7] = 5.24 GHz
...loading Green functions
...loading interaction matrix
.........|.........|.........|.........| 
...solving interaction matrix
.........|.........|.........|.........| 
...calculating S-parameters
Simulation frequency [8] = 5.28 GHz
...loading Green functions
...loading interaction matrix
.........|.........|.........|.........| 
...solving interaction matrix
.........|.........|.........|.........| 
...calculating S-parameters
Simulation frequency [9] = 5.32 GHz
...loading Green functions
...loading interaction matrix
.........|.........|.........|.........| 
...solving interaction matrix
.........|.........|.........|.........| 
...calculating S-parameters
Simulation frequency [10] = 5.36 GHz
...loading Green functions
...loading interaction matrix
.........|.........|.........|.........| 
...solving interaction matrix
.........|.........|.........|.........| 
...calculating S-parameters
Simulation frequency [11] = 5.4 GHz
...loading Green functions
...loading interaction matrix
.........|.........|.........|.........| 
...solving interaction matrix
.........|.........|.........|.........| 
...calculating S-parameters
Simulation frequency [12] = 5.44 GHz
...loading Green functions
...loading interaction matrix
.........|.........|.........|.........| 
...solving interaction matrix
.........|.........|.........|.........| 
...calculating S-parameters
Simulation frequency [13] = 5.48 GHz
...loading Green functions
...loading interaction matrix
.........|.........|.........|.........| 
...solving interaction matrix
.........|.........|.........|.........| 
...calculating S-parameters
Simulation frequency [14] = 5.52 GHz
...loading Green functions
...loading interaction matrix
.........|.........|.........|.........| 
...solving interaction matrix
.........|.........|.........|.........| 
...calculating S-parameters
Simulation frequency [15] = 5.56 GHz
...loading Green functions
...loading interaction matrix
.........|.........|.........|.........| 
...solving interaction matrix
.........|.........|.........|.........| 
...calculating S-parameters
Simulation frequency [16] = 5.6 GHz
...loading Green functions
...loading interaction matrix
.........|.........|.........|.........| 
...solving interaction matrix
.........|.........|.........|.........| 
...calculating S-parameters
Simulation frequency [17] = 5.64 GHz
...loading Green functions
...loading interaction matrix
.........|.........|.........|.........| 
...solving interaction matrix
.........|.........|.........|.........| 
...calculating S-parameters
Simulation frequency [18] = 5.68 GHz
...loading Green functions
...loading interaction matrix
.........|.........|.........|.........| 
...solving interaction matrix
.........|.........|.........|.........| 
...calculating S-parameters
Simulation frequency [19] = 5.72 GHz
...loading Green functions
...loading interaction matrix
.........|.........|.........|.........| 
...solving interaction matrix
.........|.........|.........|.........| 
...calculating S-parameters
Simulation frequency [20] = 5.76 GHz
...loading Green functions
...loading interaction matrix
.........|.........|.........|.........| 
...solving interaction matrix
.........|.........|.........|.........| 
...calculating S-parameters
Simulation frequency [21] = 5.8 GHz
...loading Green functions
...loading interaction matrix
.........|.........|.........|.........| 
...solving interaction matrix
.........|.........|.........|.........| 
...calculating S-parameters
Simulation frequency [22] = 5.84 GHz
...loading Green functions
...loading interaction matrix
.........|.........|.........|.........| 
...solving interaction matrix
.........|.........|.........|.........| 
...calculating S-parameters
Simulation frequency [23] = 5.88 GHz
...loading Green functions
...loading interaction matrix
.........|.........|.........|.........| 
...solving interaction matrix
.........|.........|.........|.........| 
...calculating S-parameters
Simulation frequency [24] = 5.92 GHz
...loading Green functions
...loading interaction matrix
.........|.........|.........|.........| 
...solving interaction matrix
.........|.........|.........|.........| 
...calculating S-parameters
Simulation frequency [25] = 5.96 GHz
...loading Green functions
...loading interaction matrix
.........|.........|.........|.........| 
...solving interaction matrix
.........|.........|.........|.........| 
...calculating S-parameters
Simulation frequency [26] = 6 GHz
...loading Green functions
...loading interaction matrix
.........|.........|.........|.........| 
...solving interaction matrix
.........|.........|.........|.........| 
...calculating S-parameters
Simulation frequency [27] = 6.04 GHz
...loading Green functions
...loading interaction matrix
.........|.........|.........|.........| 
...solving interaction matrix
.........|.........|.........|.........| 
...calculating S-parameters
Simulation frequency [28] = 6.08 GHz
...loading Green functions
...loading interaction matrix
.........|.........|.........|.........| 
...solving interaction matrix
.........|.........|.........|.........| 
...calculating S-parameters
Simulation frequency [29] = 6.12 GHz
...loading Green functions
...loading interaction matrix
.........|.........|.........|.........| 
...solving interaction matrix
.........|.........|.........|.........| 
...calculating S-parameters
Simulation frequency [30] = 6.16 GHz
...loading Green functions
...loading interaction matrix
.........|.........|.........|.........| 
...solving interaction matrix
.........|.........|.........|.........| 
...calculating S-parameters
Simulation frequency [31] = 6.2 GHz
...loading Green functions
...loading interaction matrix
.........|.........|.........|.........| 
...solving interaction matrix
.........|.........|.........|.........| 
...calculating S-parameters
Simulation frequency [32] = 6.24 GHz
...loading Green functions
...loading interaction matrix
.........|.........|.........|.........| 
...solving interaction matrix
.........|.........|.........|.........| 
...calculating S-parameters
Simulation frequency [33] = 6.28 GHz
...loading Green functions
...loading interaction matrix
.........|.........|.........|.........| 
...solving interaction matrix
.........|.........|.........|.........| 
...calculating S-parameters
Simulation frequency [34] = 6.32 GHz
...loading Green functions
...loading interaction matrix
.........|.........|.........|.........| 
...solving interaction matrix
.........|.........|.........|.........| 
...calculating S-parameters
Simulation frequency [35] = 6.36 GHz
...loading Green functions
...loading interaction matrix
.........|.........|.........|.........| 
...solving interaction matrix
.........|.........|.........|.........| 
...calculating S-parameters
Simulation frequency [36] = 6.4 GHz
...loading Green functions
...loading interaction matrix
.........|.........|.........|.........| 
...solving interaction matrix
.........|.........|.........|.........| 
...calculating S-parameters
Simulation frequency [37] = 6.44 GHz
...loading Green functions
...loading interaction matrix
.........|.........|.........|.........| 
...solving interaction matrix
.........|.........|.........|.........| 
...calculating S-parameters
Simulation frequency [38] = 6.48 GHz
...loading Green functions
...loading interaction matrix
.........|.........|.........|.........| 
...solving interaction matrix
.........|.........|.........|.........| 
...calculating S-parameters
Simulation frequency [39] = 6.52 GHz
...loading Green functions
...loading interaction matrix
.........|.........|.........|.........| 
...solving interaction matrix
.........|.........|.........|.........| 
...calculating S-parameters
Simulation frequency [40] = 6.56 GHz
...loading Green functions
...loading interaction matrix
.........|.........|.........|.........| 
...solving interaction matrix
.........|.........|.........|.........| 
...calculating S-parameters
Simulation frequency [41] = 6.6 GHz
...loading Green functions
...loading interaction matrix
.........|.........|.........|.........| 
...solving interaction matrix
.........|.........|.........|.........| 
...calculating S-parameters
Simulation frequency [42] = 6.64 GHz
...loading Green functions
...loading interaction matrix
.........|.........|.........|.........| 
...solving interaction matrix
.........|.........|.........|.........| 
...calculating S-parameters
Simulation frequency [43] = 6.68 GHz
...loading Green functions
...loading interaction matrix
.........|.........|.........|.........| 
...solving interaction matrix
.........|.........|.........|.........| 
...calculating S-parameters
Simulation frequency [44] = 6.72 GHz
...loading Green functions
...loading interaction matrix
.........|.........|.........|.........| 
...solving interaction matrix
.........|.........|.........|.........| 
...calculating S-parameters
Simulation frequency [45] = 6.76 GHz
...loading Green functions
...loading interaction matrix
.........|.........|.........|.........| 
...solving interaction matrix
.........|.........|.........|.........| 
...calculating S-parameters
Simulation frequency [46] = 6.8 GHz
...loading Green functions
...loading interaction matrix
.........|.........|.........|.........| 
...solving interaction matrix
.........|.........|.........|.........| 
...calculating S-parameters
Simulation frequency [47] = 6.84 GHz
...loading Green functions
...loading interaction matrix
.........|.........|.........|.........| 
...solving interaction matrix
.........|.........|.........|.........| 
...calculating S-parameters
Simulation frequency [48] = 6.88 GHz
...loading Green functions
...loading interaction matrix
.........|.........|.........|.........| 
...solving interaction matrix
.........|.........|.........|.........| 
...calculating S-parameters
Simulation frequency [49] = 6.92 GHz
...loading Green functions
...loading interaction matrix
.........|.........|.........|.........| 
...solving interaction matrix
.........|.........|.........|.........| 
...calculating S-parameters
Simulation frequency [50] = 6.96 GHz
...loading Green functions
...loading interaction matrix
.........|.........|.........|.........| 
...solving interaction matrix
.........|.........|.........|.........| 
...calculating S-parameters
Simulation frequency [51] = 7 GHz
...loading Green functions
...loading interaction matrix
.........|.........|.........|.........| 
...solving interaction matrix
.........|.........|.........|.........| 
...calculating S-parameters
S-parameter simulation finished
Simulation finished on: Tue Dec  8 09:18:26 2020
The simulation results have been saved in dataset "principal_MomUW".
