; Top Design: "MyLibrary1_lib:Total:schematic"
; Netlisted using Hierarchy Policy: "Standard"

Options ResourceUsage=yes UseNutmegFormat=no EnableOptim=no TopDesignName="MyLibrary1_lib:Total:schematic" DcopOutputNodeVoltages=yes DcopOutputPinCurrents=yes DcopOutputAllSweepPoints=no DcopOutputDcopType=0
model MSub1 MSUB H=0.8 mm Er=4.3 Mur=1 Cond=5.8e7 Hu=1e+33 mm T=35 um TanD=0.026 Rough=0 mm DielectricLossModel=1 FreqForEpsrTanD=1.0 GHz LowFreqForTanD=1.0 kHz HighFreqForTanD=1.0 THz RoughnessModel=2 
MLIN2:TL1  N__3 N__4 Subst="MSub1" W=1.53 mm L=1.93 mm Wall1=2.5e+28 mm Wall2=2.5e+28 mm Mod=1 
Port:Term1  N__5 0 Num=1 Z=50 Ohm Noise=yes 
S_Param:SP1 CalcS=yes CalcY=no CalcZ=no GroupDelayAperture=1e-4 FreqConversion=no FreqConversionPort=1 StatusLevel=2 CalcNoise=no SortNoise=0 BandwidthForNoise=1.0 Hz DevOpPtLevel=0 \
SweepVar="freq" SweepPlan="SP1_stim" OutputPlan="SP1_Output" 

SweepPlan: SP1_stim Start=1.0 GHz Stop=6 GHz Step=0.05 GHz 

OutputPlan:SP1_Output \
      Type="Output" \
      UseEquationNestLevel=yes \
      EquationNestLevel=2 \
      UseSavedEquationNestLevel=yes \
      SavedEquationNestLevel=2

#load "python","LinearCollapse"
Component Module="LinearCollapse" Type="ModelExtractor" NetworkRepresentation=2
#uselib "ckt" , "SnP"
SnP:SnP1  N__4 N__2 NumPorts=2 File="D:\Download\Doc\Ligne et Antennes\AT42085.s2p" Type="touchstone" InterpMode="linear" InterpDom="" ExtrapMode="constant" Temp=27.0 CheckPassivity=0 
MLOC2:TL2  N__7 Subst="MSub1" W=1.53 mm L=15.9 mm Wall1=2.5e+28 mm Wall2=2.5e+28 mm Mod=1 
MTEE_ADS:Tee1  N__5 N__3 N__7 Subst="MSub1" W1=1.53 mm W2=1.53 mm W3=1.53 mm 
MLIN2:TL3  N__2 N__0 Subst="MSub1" W=1.53 mm L=10.55 mm Wall1=2.5e+28 mm Wall2=2.5e+28 mm Mod=1 
MLOC2:TL4  N__9 Subst="MSub1" W=1.53 mm L=27.14 mm Wall1=2.5e+28 mm Wall2=2.5e+28 mm Mod=1 
MTEE_ADS:Tee2  N__0 N__8 N__9 Subst="MSub1" W1=1.53 mm W2=1.53 mm W3=1.53 mm 
Port:Term2  N__8 0 Num=2 Z=50 Ohm Noise=yes 
